<?xml version="1.0" encoding="UTF-8"?>
<testsuite name="SampleTest" tests="1" skipped="0" failures="0" errors="0" timestamp="2024-01-15T13:36:37" hostname="ES-FVFHN5KMQ05P" time="0.837">
  <properties/>
  <testcase name="sampleTest()" classname="SampleTest" time="0.837"/>
  <system-out><![CDATA[]]></system-out>
  <system-err><![CDATA[]]></system-err>
</testsuite>
